<?xml version="1.0" encoding="UTF-8"?>
<testng-results skipped="0" failed="0" ignored="0" total="1" passed="1">
  <reporter-output>
  </reporter-output>
  <suite name="Default suite" duration-ms="53895" started-at="2021-07-04T09:34:38 IST" finished-at="2021-07-04T09:35:32 IST">
    <groups>
    </groups>
    <test name="Default test" duration-ms="53895" started-at="2021-07-04T09:34:38 IST" finished-at="2021-07-04T09:35:32 IST">
      <class name="driver.DriverScript">
        <test-method status="PASS" signature="loadClasses()[pri:0, instance:driver.DriverScript@26a7b76d]" name="loadClasses" is-config="true" duration-ms="177" started-at="2021-07-04T09:34:38 IST" finished-at="2021-07-04T09:34:38 IST">
          <reporter-output>
          </reporter-output>
        </test-method> <!-- loadClasses -->
        <test-method status="PASS" signature="executeTests()[pri:0, instance:driver.DriverScript@26a7b76d]" name="executeTests" duration-ms="53847" started-at="2021-07-04T09:34:38 IST" finished-at="2021-07-04T09:35:32 IST">
          <reporter-output>
          </reporter-output>
        </test-method> <!-- executeTests -->
      </class> <!-- driver.DriverScript -->
    </test> <!-- Default test -->
  </suite> <!-- Default suite -->
</testng-results>
